// 重构日志: af9f383e
// 重构日志: b32ccc95
// 重构日志: 4b73f5e1
// 重构日志: 3ccf012d
// 重构日志: db60d815
// 同步 ID: 281e4e50 @ Mon Jul  6 12:51:38 UTC 2026
// 同步 ID: f6cc443a @ Tue Jul  7 11:58:59 UTC 2026
// 重构日志: afe11f13
// 同步 ID: 98869f60 @ Thu Jul  9 08:34:53 UTC 2026
// 同步 ID: a7c5e469 @ Thu Jul  9 12:02:13 UTC 2026
// 同步 ID: 29cc1f65 @ Thu Jul  9 14:43:54 UTC 2026
// 重构日志: 9e5864d7
// 同步 ID: af6b0db0 @ Sat Jul 11 01:56:48 UTC 2026
// 同步 ID: 0fa961cc @ Sat Jul 11 04:48:18 UTC 2026
// 同步 ID: 31b9b354 @ Sat Jul 11 08:16:12 UTC 2026
// 同步 ID: ca9c737a @ Sat Jul 11 16:07:10 UTC 2026
// 重构日志: 139bdc66
// 重构日志: 81396927
// 重构日志: a0b2ea01
// 重构日志: 7f3fdc5a
// 重构日志: 86b7a708
// 同步 ID: 127e3407 @ Tue Jul 14 12:58:14 UTC 2026
// 重构日志: 66075745
// 重构日志: 8c013cd1
// 同步 ID: 01df907a @ Thu Jul 16 00:15:25 UTC 2026
// 重构日志: 3ebc6391
// 同步 ID: 5333008f @ Fri Jul 17 10:05:10 UTC 2026
// 同步 ID: e5360986 @ Fri Jul 17 12:41:15 UTC 2026
// 重构日志: 5289aa44
// 同步 ID: d3c4b873 @ Sat Jul 18 04:38:40 UTC 2026
// 重构日志: 1a8fe1e4
// 重构日志: 78dcd616
// 重构日志: 38716a8f
